
27. Executing CHECK pass (checking for obvious problems).
Checking module $paramod$df016da505e19f124079eef79599cb31d9a9c48a\neuron...
Checking module $paramod$5b63f90ec8f42197979be54ec89f2886b54bec02\neuron...
Checking module $paramod$7d0ddad4bb2d0ae09617c582b927d9bcd0c55137\neuron...
Checking module $paramod$4e8847032c2962d3d5dedd07b11a5bb56869823f\neuron...
Checking module $paramod$c92af1aab50bf63232fc98c1af2ae9fc93dbb3d5\neuron...
Checking module $paramod$2a3ac1d01a2fcfa7ac9cc971a0d47176f77fa7bb\neuron...
Checking module $paramod$292adb4a26b85b71bc02c81b6cc60801df1f3313\neuron...
Checking module $paramod$e190dc05525c7c3bdae7a17ac2a8b6716ddde7ca\neuron...
Checking module $paramod$90d40ae29de680e69dcf435cbbd3a0358b4e5e75\neuron...
Checking module $paramod$29e8eda2a7b6bd00dead005fd96db27a80105d11\neuron...
Checking module $paramod$14e4378ada090e763695b55fc545e3d1ace50633\neuron...
Checking module $paramod$be920004adb5f2f82f78d50891efc17da7c7cc1c\neuron...
Checking module $paramod$0a29c29f042c65950d5bf59a3a9f22280ae8cb69\neuron...
Checking module $paramod$1d14c30de6fd9eccf32fd8d1f49b06b0948dbe05\neuron...
Checking module $paramod$2278f39ce5a357ade9adb08f3f71821da0d2ff2f\neuron...
Checking module $paramod$b7ccd7b3e1f40f0a6404a9308b2c26e683e7c746\neuron...
Checking module $paramod$517ea4c7b87d0d098cb905417f3dbbe3e7b52ac0\neuron...
Checking module $paramod$bb86f7dc8d1d076bbf981c528ebd595235ac0b6a\neuron...
Checking module $paramod$2fb05d5b03273d0489eb5586a80fc5514c46fc33\neuron...
Checking module $paramod$baaa73de2933889e990f91fc01aa3f4b77822c2b\neuron...
Checking module $paramod$ff9967ce84919d1ea2a9ddb7465f01b2ac61fc08\neuron...
Checking module $paramod$1ceb03ced8fd7c4a781e5bf7274e0936f9e42214\neuron...
Checking module $paramod$4677314c789dce0870dd42efb7deedfcac23fc74\neuron...
Checking module $paramod$b11455bfcff8b646ffe92c9656d2261a87633cbf\neuron...
Checking module $paramod$583ba8451fbbcb6aab6a58fc532dc827528ea613\neuron...
Checking module $paramod$9b4d4e7e31b10c4d688dc59373ae428f8560c6ae\neuron...
Checking module $paramod$0cc9643429f570f488470200a7aea059e2b78407\neuron...
Checking module $paramod$4d1892e96b46dbf05d9a4d0db15e36eb0dcbecb7\neuron...
Checking module $paramod$183b2f77c8b1349a7a997fa4639a7b9681d31d7d\neuron...
Checking module $paramod$c4d852635fa955486d90bb61d2a6f7c8919741cb\neuron...
Checking module $paramod$69f0fbcf6624d74de60b9629317d5c194cdd1808\neuron...
Checking module $paramod$b977f7f05f60c8c405f2a1601167924e63c5d40e\neuron...
Checking module $paramod$2ebfa7938d567dc431e309d280c181e4e75fd093\neuron...
Checking module $paramod$d06489f7e570a674e81b6e6719949718c4fcba17\neuron...
Checking module $paramod$00162e3a4fe15b30f9fe12f2fccf5c2d9061acbd\neuron...
Checking module $paramod$9b5c3caf1e6886394b57c24e303d544b811471ab\neuron...
Checking module $paramod$96f18f2b0eee741e412e15d49d2198ac1f9e1fc5\neuron...
Checking module $paramod$f4f843cdbb898cbfa669e86c5b259e3c6adc036f\neuron...
Checking module $paramod$e889158244a4cbd3588e2e22b43a337f3e31a67c\neuron...
Checking module $paramod$35011f4e86e962191ce9ed5bfce9eb38d97ce47e\neuron...
Checking module $paramod$909fa6a03cf637dc87155d5b8635773223094722\neuron...
Checking module $paramod$8e299cb7234e8e419ff4a8cda022a29880e4305a\neuron...
Checking module $paramod$d9bf8db9b95cb8e06c8d644f5b678ec826d51920\neuron...
Checking module $paramod$224e2348127b68b4b0ce6b982b4b27f6c712e03d\neuron...
Checking module $paramod$c2ca4e9226abbcf3728c5435aa26cf07275529c9\neuron...
Checking module $paramod$a3870e9e3663378f7797e1c3fc696389532ecff7\neuron...
Checking module $paramod$c7a94cfead71e8da0d4d6342800b54a99557254c\neuron...
Checking module $paramod$4d4e24c895458d12e75922cef181fdf1d8022b04\neuron...
Checking module $paramod$4798e884c88cde00ca996290dfbccf1a024cea51\neuron...
Checking module $paramod$76cf313498a6a7ff756d91f62021dfa6fc5282f2\neuron...
Checking module $paramod$2d79b730ea9099a463589f29f15ab03d0d5b0307\neuron...
Checking module $paramod$74f31ac42cfc6d9fc8570a6be95ef3bd4482e3d9\neuron...
Checking module $paramod$9ffeb1e02d119182e8d0796501dcacf73b54fcbd\neuron...
Checking module $paramod$90e784131050b47654f9888a6cd8f6a1dcfb2e9e\neuron...
Checking module $paramod$0d9ec8633bcb2582b1177f29f86e3c83fd9c9eb6\neuron...
Checking module $paramod$6ccacb48431f3b5ffaa8be4f26d39622ec37ae00\neuron...
Checking module $paramod$713512c080c41ec761c4f0397ec3d2feb27a48cf\neuron...
Checking module $paramod$a9321ece9dc186d9a20d5a51b02ea770fb751ca5\neuron...
Checking module $paramod$a77d49ee6133f5147371956a6dc87bcc9e9cab87\neuron...
Checking module $paramod$c8f450c1da2053952f4acd50d670ebdd926ee8cf\neuron...
Checking module $paramod$a9a50745d3033a41c6092e70e0f98bdfacc3110d\neuron...
Checking module $paramod$ef64ab3b60db7fa89aba2977baf3d7486e88ef70\neuron...
Checking module $paramod$c14768a5f6b0d747e31fb1b9ccce56c366e23975\neuron...
Checking module $paramod$2f23660c16ab288cd47250f00249dc7b6df2457d\neuron...
Checking module $paramod$f0643c06d4219953a038107054f9a0b537bcab9c\neuron...
Checking module $paramod$4df5e8e7ef32e673b5df48d4b578806cfb2766e3\neuron...
Checking module $paramod$8751e1256c25219bc6f8850a1283cbc053008d0e\neuron...
Checking module $paramod$739b8f148a71cc57af87483e64ae5d2ba2cc7696\neuron...
Checking module $paramod$ebc2ae2370ab11a36dd876c7aa12bf738cf76676\neuron...
Checking module $paramod$5c294bbe5c5887e717a106b5af76c64acee998b8\neuron...
Checking module $paramod$b396f8b166cc0fdec1fb947a35afe55063856933\neuron...
Checking module $paramod$e548fe0a9a8d7a031790b63486e3f683461e9043\Weight_Memory...
Checking module $paramod$de81aaa62c19bd2fd9b40e68d7fd08a199cf0a13\Weight_Memory...
Checking module $paramod$2442f1959a5f44f862866ea02b8069bd9add0d61\Weight_Memory...
Checking module $paramod$f10db044afc7acdabe19ca9c6fcf52b9db51216c\Weight_Memory...
Checking module $paramod$e67fda56d2a8dfc674b6ae78446f4314ccf59d67\Weight_Memory...
Checking module $paramod$11397a561d7f64719cec057164d6c775c971dd08\Weight_Memory...
Checking module $paramod$e7781f145df7758b47265024da68545c75f425b5\Weight_Memory...
Checking module $paramod$1d9f382e5d4cf8a179683bbd1871d7310be56c4d\Weight_Memory...
Checking module $paramod$8b480d02355b0a8b6c21d449fd942d392dd02bc8\Weight_Memory...
Checking module $paramod$3ceca44b66e857f5783d3bf926dbf52d7872fffe\Weight_Memory...
Checking module $paramod$10f98b13f56196fe9ea22e01dbb630ff253f1aaf\Weight_Memory...
Checking module $paramod$afbf345a4d7b572d0a77c39cfb8428636d82c8d4\Weight_Memory...
Checking module $paramod$90611485f57f17733c68a68cf93da1c5de618e68\Weight_Memory...
Checking module $paramod$a5b3822d2c20e258f676e46c92996b0278db6992\Weight_Memory...
Checking module $paramod$79ca03835e589853edf1e012ea102c3349b1057f\Weight_Memory...
Checking module $paramod$8acc67d166f1a672d4bdbb6bff5a527e05d9c3db\Weight_Memory...
Checking module $paramod$01db89f748759d299bdad6d7b664a61538593734\Weight_Memory...
Checking module $paramod$02dd761a7f18eac0938a743339f4ca80d4870452\Weight_Memory...
Checking module $paramod$f947600d1e929071702f8252cdf87d0bcc89b8d6\Weight_Memory...
Checking module $paramod$71120890890709820ec7793ffd51ed2f59546ff4\Weight_Memory...
Checking module $paramod$24e6695325624e711959de690466234d1a6fa234\Weight_Memory...
Checking module $paramod$7848b22434c31fc24771d2be44097493e01b62c2\Weight_Memory...
Checking module $paramod$0f6778eff5822fb5c328415dd49bdabf67286c93\Weight_Memory...
Checking module $paramod$f1e76a063f3153487683744185ff82476e0ac58c\Weight_Memory...
Checking module $paramod$4648910f12d09ff60f3a444e1f83e70604ccf729\Weight_Memory...
Checking module $paramod$02f7081c4aa0483f25be713fa175df65fad1229e\Weight_Memory...
Checking module $paramod$b7adcbf44dfd4a2b4d4a574e20cb15b8a792ad77\Weight_Memory...
Checking module $paramod$2119cc84c42ddda42bce3bd277550f0f3415b039\Weight_Memory...
Checking module $paramod$b6da3115e75af063546a41e0fd5b75c508913967\Weight_Memory...
Checking module $paramod$2bc66f9db2fd580830a623e9ae5c84301826b5d0\Weight_Memory...
Checking module $paramod$b5cedf74c7962fa94541d25fa426e93c6b86becc\Weight_Memory...
Checking module $paramod$29804e0ebbcdb1f964e61890ddf1ed66271d5775\Weight_Memory...
Checking module $paramod$a1cef1f2472cb509b165855b2b9a28bb290fbcfe\Weight_Memory...
Checking module $paramod$b3e77774849ab1733fb45b99d02f1dcd26d8cf96\Weight_Memory...
Checking module $paramod$b7a0f3525acb8968739c334f555ce55ad855cf4f\Weight_Memory...
Checking module $paramod$2e321379b0f273aef0d062815d3e5c88e264a570\Weight_Memory...
Checking module $paramod$a155c47bb84a5b76c959f68d1cc177420c453102\Weight_Memory...
Checking module $paramod$71938a326dbe65caee6a2980daa98f77cf07aeaf\Weight_Memory...
Checking module $paramod$82f085114e3c270eb78abe80803ae276409076d7\Weight_Memory...
Checking module $paramod$1fa5ec67894fc596d3db8bdb336adbf3d9a49bd8\Weight_Memory...
Checking module $paramod$fdcfe28b0f1f2c60cb64c562fbca2bf19573bab9\Weight_Memory...
Checking module $paramod$6e2a8ad988a5403998bbad0b74f9c62654d1e4ae\Weight_Memory...
Checking module $paramod$d7105218a24840367bea02531f371e817b1aed42\Weight_Memory...
Checking module $paramod$ec202b08269a96d682e16ef8d276e2d81af42238\Weight_Memory...
Checking module $paramod$b96b5e8e0566b594e32f5fd8b7d545dc681f2074\Weight_Memory...
Checking module $paramod$d20a45d707bf63e746c5e21540eb63ce151b67e2\Weight_Memory...
Checking module $paramod$f558409c5390ca40ddf52c5b527224eb2c3b1e61\Weight_Memory...
Checking module $paramod$7edb5ccc6e71a295eccd1b67f830d3e19d99f8fe\Weight_Memory...
Checking module $paramod$49995d2aba6c3cf2087b8c689f4880950166476e\Weight_Memory...
Checking module $paramod$6a19dde0c671d358d79dbd20f699ff271b3cfa01\Weight_Memory...
Checking module $paramod$3f7b046e04b3a0d807ec25d3d1f4ae3895fee780\Weight_Memory...
Checking module $paramod$5722cdae500ddcd38e365c0f98ac805c6abc01a0\Weight_Memory...
Checking module $paramod$995a10edf310d5bbfd09e75fbb03a043719cce8f\Weight_Memory...
Checking module $paramod$6fb68b2be9b5f3eac9f68786912d70fe11a932ee\Weight_Memory...
Checking module $paramod$6af3d743d5bdd16bdb6c196f601a4bc06d87223e\Weight_Memory...
Checking module $paramod$f545fdd919b8dd2b15b169f32c6c915f7b9381cd\Weight_Memory...
Checking module $paramod$aebc8eb3600d760787e2608b9e5b86d454e17ef3\Weight_Memory...
Checking module $paramod$4191ad1b1843c2fbd99fafe26296b797215a60d3\Weight_Memory...
Checking module $paramod$9d508d2afc98bbadc5414f6a317727949ef62600\Weight_Memory...
Checking module $paramod$8e5697494966204c817c15d6a8943982151b012b\Weight_Memory...
Checking module $paramod$bc0950be08eb8d749408af97d7042944c1887797\Weight_Memory...
Checking module $paramod$a45b8810ba08e940950196923a511bd54fb51628\Weight_Memory...
Checking module $paramod$e753d4bf15554476bd01e9a3c22ccb1dda40aa2d\Weight_Memory...
Checking module $paramod$5a3697646af24ffd8a3e25c1d5a169eea5a62dad\Weight_Memory...
Checking module $paramod$39f1098fc6811611872702c4c13393cbc00a1f59\Weight_Memory...
Checking module $paramod$463b756911d86b07920c729d10cf820ef5f83f1a\Weight_Memory...
Checking module $paramod$f026f08b9acd58d9af9ddc32afd29502ef57499c\Weight_Memory...
Checking module $paramod$f388a5a70eaecf7aeff1d7a5cab216e770a39796\Weight_Memory...
Checking module $paramod$7a83e06a4c0b73ba82b0a7a28815c6258c694ef0\Weight_Memory...
Checking module $paramod$90cb05a8070e5f7bf49519fa8a8c8b4d3e0ff51a\Weight_Memory...
Checking module $paramod$4bb2fc237676028af0c84813c4df6137f9e7cf6a\Weight_Memory...
Checking module $paramod$79298767b20d6b484d34304faa61daf88332ea63\Weight_Memory...
Checking module $paramod$3a011dcf6ba0f2425ae78ab18b8ea81a71ce6b37\Weight_Memory...
Checking module $paramod$03b52a0bfc84377eeb1f2d35a7f570cd63e3dbe8\Weight_Memory...
Checking module $paramod$ca44dca6f3bf8b48a4bd16a6d95ecbdcd5e46cf7\Weight_Memory...
Checking module $paramod$a77d77ced7da6038ded37a4be1c72738720be360\Weight_Memory...
Checking module $paramod$227014cdbc58b33ec354136338409a0a8a7de36c\Weight_Memory...
Checking module $paramod$f47ab92c27a37e9c7e6c47c0c02067d80142d8e6\Weight_Memory...
Checking module $paramod$89794ea10d0b53702f674e4334222e1b675d2003\Weight_Memory...
Checking module $paramod$bc2772fd644407ebcd48cf1256d85ca0b4d6fd99\Weight_Memory...
Checking module $paramod$c69af24c369762e27c43591d4f6ac236def25052\ReLU...
Checking module $paramod$16b33ff507aeaad9895df6a6d3f8e0d7976aff6d\neuron...
Checking module $paramod$5c6aec57b119959f872ea4917c81914763f93ba9\Layer_1...
Checking module $paramod$180c393306e37dfb87f61c576cf4d25f3efd6ab9\Layer_2...
Checking module $paramod$3b34c6e85121484d52d606eeb7ff338917c2d05e\Layer_3...
Checking module $paramod$45756e5e0b6e13b6552038a2653e26bcb74b11f9\Layer_4...
Checking module $paramod$f8e2d97c9f3e0d2ce051c5aa7e5ac8555a1bfd9e\maxFinder...
Checking module $paramod$39a3a37ac1641a84a4ca18b2b08da48430b42e05\neuron...
Checking module $paramod$4a026945d095a76a2bbac592e78b6fa34d443e56\neuron...
Checking module $paramod$67834cb3481d8fe1d769a34b8601bac57126b06e\neuron...
Checking module $paramod$c20267773c8809799ef88c023878c28b20d7a96f\neuron...
Checking module $paramod$7c579926f073a8d2a3ca4ee2c0aca44ab2e64efe\neuron...
Checking module $paramod$d2a31eb0a35369a86c8c93fe60ad398fb048e34d\neuron...
Checking module $paramod$eb4dc69e8e30417b58479a3f640de2c60291b7f0\neuron...
Checking module $paramod$0f437cd1362ac3caa821d1d310fe001290a2b7c9\neuron...
Checking module user_proj_example...
Warning: Wire user_proj_example.\axi_rd_en is used but has no driver.
Found and reported 1 problems.
